Using pre-set license
Built from '2020.3/release' branch; Version is '2020.3.15f2 (6cf78cb77498) revision 7141260'; Using compiler version '192528614'; Build Type 'Release'
OS: 'Windows 10 Home Single Language; OS build 19045.2965; Version 2009; 64bit' Language: 'tr' Physical Memory: 11717 MB
BatchMode: 1, IsHumanControllingUs: 0, StartBugReporterOnCrash: 0, Is64bit: 1, IsPro: 0

 COMMAND LINE ARGUMENTS:
C:\Program Files\Unity\Hub\Editor\2020.3.15f2\Editor\Unity.exe
-adb2
-batchMode
-noUpm
-name
AssetImportWorker0
-projectPath
C:/Users/brsme/Desktop/TappyFish/TappyFish
-logFile
Logs/AssetImportWorker0.log
-srvPort
65157
Successfully changed project path to: C:/Users/brsme/Desktop/TappyFish/TappyFish
C:/Users/brsme/Desktop/TappyFish/TappyFish
Using Asset Import Pipeline V2.
Refreshing native plugins compatible for Editor in 300.37 ms, found 3 plugins.
Preloading 0 native plugins for Editor in 0.00 ms.
Initialize engine version: 2020.3.15f2 (6cf78cb77498)
[Subsystems] Discovering subsystems at path C:/Program Files/Unity/Hub/Editor/2020.3.15f2/Editor/Data/Resources/UnitySubsystems
[Subsystems] Discovering subsystems at path C:/Users/brsme/Desktop/TappyFish/TappyFish/Assets
GfxDevice: creating device client; threaded=0
Direct3D:
    Version:  Direct3D 11.0 [level 11.1]
    Renderer: AMD Radeon HD 8330 (ID=0x9832)
    Vendor:   
    VRAM:     5858 MB
    Driver:   27.20.1034.6
Initialize mono
Mono path[0] = 'C:/Program Files/Unity/Hub/Editor/2020.3.15f2/Editor/Data/Managed'
Mono path[1] = 'C:/Program Files/Unity/Hub/Editor/2020.3.15f2/Editor/Data/MonoBleedingEdge/lib/mono/unityjit'
Mono config path = 'C:/Program Files/Unity/Hub/Editor/2020.3.15f2/Editor/Data/MonoBleedingEdge/etc'
Using monoOptions --debugger-agent=transport=dt_socket,embedding=1,server=y,suspend=n,address=127.0.0.1:56004
Begin MonoManager ReloadAssembly
Registering precompiled unity dll's ...
Register platform support module: C:/Program Files/Unity/Hub/Editor/2020.3.15f2/Editor/Data/PlaybackEngines/WindowsStandaloneSupport/UnityEditor.WindowsStandalone.Extensions.dll
Registered in 0.008385 seconds.
Native extension for WindowsStandalone target not found
Refreshing native plugins compatible for Editor in 316.70 ms, found 3 plugins.
Preloading 0 native plugins for Editor in 0.00 ms.
Mono: successfully reloaded assembly
- Completed reload, in  5.813 seconds
Domain Reload Profiling:
	ReloadAssembly (5814ms)
		BeginReloadAssembly (318ms)
			ExecutionOrderSort (0ms)
			DisableScriptedObjects (0ms)
			BackupInstance (0ms)
			ReleaseScriptingObjects (0ms)
			CreateAndSetChildDomain (6ms)
		EndReloadAssembly (2589ms)
			LoadAssemblies (304ms)
			RebuildTransferFunctionScriptingTraits (0ms)
			SetupTypeCache (959ms)
			ReleaseScriptCaches (0ms)
			RebuildScriptCaches (216ms)
			SetupLoadedEditorAssemblies (1075ms)
				LogAssemblyErrors (0ms)
				InitializePlatformSupportModulesInManaged (21ms)
				SetLoadedEditorAssemblies (1ms)
				RefreshPlugins (317ms)
				BeforeProcessingInitializeOnLoad (63ms)
				ProcessInitializeOnLoadAttributes (506ms)
				ProcessInitializeOnLoadMethodAttributes (165ms)
				AfterProcessingInitializeOnLoad (1ms)
				EditorAssembliesLoaded (1ms)
			ExecutionOrderSort2 (0ms)
			AwakeInstancesAfterBackupRestoration (0ms)
Platform modules already initialized, skipping
Registering precompiled user dll's ...
Registered in 0.022279 seconds.
Begin MonoManager ReloadAssembly
Native extension for WindowsStandalone target not found
Refreshing native plugins compatible for Editor in 432.79 ms, found 3 plugins.
Preloading 0 native plugins for Editor in 0.00 ms.
Mono: successfully reloaded assembly
- Completed reload, in  8.003 seconds
Domain Reload Profiling:
	ReloadAssembly (8009ms)
		BeginReloadAssembly (835ms)
			ExecutionOrderSort (0ms)
			DisableScriptedObjects (25ms)
			BackupInstance (0ms)
			ReleaseScriptingObjects (0ms)
			CreateAndSetChildDomain (87ms)
		EndReloadAssembly (6781ms)
			LoadAssemblies (485ms)
			RebuildTransferFunctionScriptingTraits (0ms)
			SetupTypeCache (1923ms)
			ReleaseScriptCaches (2ms)
			RebuildScriptCaches (335ms)
			SetupLoadedEditorAssemblies (3065ms)
				LogAssemblyErrors (0ms)
				InitializePlatformSupportModulesInManaged (27ms)
				SetLoadedEditorAssemblies (1ms)
				RefreshPlugins (433ms)
				BeforeProcessingInitializeOnLoad (672ms)
				ProcessInitializeOnLoadAttributes (1806ms)
				ProcessInitializeOnLoadMethodAttributes (79ms)
				AfterProcessingInitializeOnLoad (42ms)
				EditorAssembliesLoaded (6ms)
			ExecutionOrderSort2 (0ms)
			AwakeInstancesAfterBackupRestoration (43ms)
Platform modules already initialized, skipping
========================================================================
Worker process is ready to serve import requests
Launched and connected shader compiler UnityShaderCompiler.exe after 0.32 seconds
Refreshing native plugins compatible for Editor in 10.31 ms, found 3 plugins.
Preloading 0 native plugins for Editor in 0.00 ms.
Unloading 2090 Unused Serialized files (Serialized files now loaded: 0)
System memory in use before: 93.2 MB.
System memory in use after: 93.1 MB.

Unloading 33 unused Assets to reduce memory usage. Loaded Objects now: 2523.
Total: 13.459500 ms (FindLiveObjects: 0.947400 ms CreateObjectMapping: 0.251700 ms MarkObjects: 11.533900 ms  DeleteObjects: 0.719000 ms)

AssetImportParameters requested are different than current active one (requested -> active):
  custom:framework-win-MediaFoundation: 216162199b28c13a410421893ffa2e32 -> 
  custom:video-decoder-ogg-theora: a1e56fd34408186e4bbccfd4996cb3dc -> 
  custom:container-muxer-webm: aa71ff27fc2769a1b78a27578f13a17b -> 
  custom:container-demuxer-webm: 4f35f7cbe854078d1ac9338744f61a02 -> 
  custom:container-demuxer-ogg: 62fdf1f143b41e24485cea50d1cbac27 -> 
  custom:video-encoder-webm-vp8: eb34c28f22e8b96e1ab97ce403110664 -> 
  custom:video-decoder-webm-vp8: 9c59270c3fd7afecdb556c50c9e8de78 -> 
  custom:audio-decoder-ogg-vorbis: bf7c407c2cedff20999df2af8eb42d56 -> 
  custom:audio-encoder-webm-vorbis: bf7c407c2cedff20999df2af8eb42d56 -> 
========================================================================
Received Import Request.
  path: Assets/Scenes/Demo.unity
  artifactKey: Guid(2cda990e2423bbf4892e6590ba056729) Importer(815301076,1909f56bfc062723c751e8b465ee728b)
Start importing Assets/Scenes/Demo.unity using Guid(2cda990e2423bbf4892e6590ba056729) Importer(815301076,1909f56bfc062723c751e8b465ee728b)  -> (artifact id: 'f864102924f35fdf5cc8146b276b78da') in 0.233048 seconds 
  Import took 0.251561 seconds .

========================================================================
Received Import Request.
  Time since last request: 6.784871 seconds.
  path: Assets
  artifactKey: Guid(00000000000000001000000000000000) Importer(815301076,1909f56bfc062723c751e8b465ee728b)
Start importing Assets using Guid(00000000000000001000000000000000) Importer(815301076,1909f56bfc062723c751e8b465ee728b)  -> (artifact id: '42d402b061de3733987d63b9cc3b64de') in 0.013529 seconds 
  Import took 0.026152 seconds .

========================================================================
Received Import Request.
  Time since last request: 6.101309 seconds.
  path: Assets/Scripts
  artifactKey: Guid(35105d7a71fde264bbf0474d25e334d2) Importer(815301076,1909f56bfc062723c751e8b465ee728b)
Start importing Assets/Scripts using Guid(35105d7a71fde264bbf0474d25e334d2) Importer(815301076,1909f56bfc062723c751e8b465ee728b)  -> (artifact id: '779d87b87b98b0297a664f9a475b0859') in 0.013211 seconds 
  Import took 0.025078 seconds .

========================================================================
Received Import Request.
  Time since last request: 9.112251 seconds.
  path: Assets/Sprites
  artifactKey: Guid(107b0f56dc0a9fd4ea1d535efa5d91bf) Importer(815301076,1909f56bfc062723c751e8b465ee728b)
Start importing Assets/Sprites using Guid(107b0f56dc0a9fd4ea1d535efa5d91bf) Importer(815301076,1909f56bfc062723c751e8b465ee728b)  -> (artifact id: '6a64b6d8a56dee0bcdb5ffa45c3de13f') in 0.012392 seconds 
  Import took 0.025466 seconds .

========================================================================
Received Import Request.
  Time since last request: 9.076959 seconds.
  path: Assets/Musics
  artifactKey: Guid(42aefe35d673eef4a931fb2048873309) Importer(815301076,1909f56bfc062723c751e8b465ee728b)
Start importing Assets/Musics using Guid(42aefe35d673eef4a931fb2048873309) Importer(815301076,1909f56bfc062723c751e8b465ee728b)  -> (artifact id: '70d793f65126d32d51e98c3a6a061a1d') in 0.012916 seconds 
  Import took 0.026562 seconds .

========================================================================
Received Import Request.
  Time since last request: 29.297747 seconds.
  path: Assets/Audio
  artifactKey: Guid(42aefe35d673eef4a931fb2048873309) Importer(815301076,1909f56bfc062723c751e8b465ee728b)
Start importing Assets/Audio using Guid(42aefe35d673eef4a931fb2048873309) Importer(815301076,1909f56bfc062723c751e8b465ee728b)  -> (artifact id: '9e0d38c6e544ad7f1e4414e7ee11bdd3') in 0.012335 seconds 
  Import took 0.025901 seconds .

========================================================================
Received Import Request.
  Time since last request: 46.193973 seconds.
  path: Assets/Audios
  artifactKey: Guid(42aefe35d673eef4a931fb2048873309) Importer(815301076,1909f56bfc062723c751e8b465ee728b)
Start importing Assets/Audios using Guid(42aefe35d673eef4a931fb2048873309) Importer(815301076,1909f56bfc062723c751e8b465ee728b)  -> (artifact id: 'e97006445dbec5bcf8298bce5d84d7ce') in 0.019159 seconds 
  Import took 0.034885 seconds .

========================================================================
Received Import Request.
  Time since last request: 20.494087 seconds.
  path: Assets/Sprites/tappy_fish_ui_elements.png
  artifactKey: Guid(697c3c864d4648b488b4bcc5e0637cf0) Importer(815301076,1909f56bfc062723c751e8b465ee728b)
Start importing Assets/Sprites/tappy_fish_ui_elements.png using Guid(697c3c864d4648b488b4bcc5e0637cf0) Importer(815301076,1909f56bfc062723c751e8b465ee728b)  -> (artifact id: 'b1a410568d8349a463c201f135ecc5ed') in 0.931693 seconds 
  Import took 0.947187 seconds .

========================================================================
Received Import Request.
  Time since last request: 42.798151 seconds.
  path: Assets/Sprites/tappy_fish_ui_elements.png
  artifactKey: Guid(697c3c864d4648b488b4bcc5e0637cf0) Importer(815301076,1909f56bfc062723c751e8b465ee728b)
Start importing Assets/Sprites/tappy_fish_ui_elements.png using Guid(697c3c864d4648b488b4bcc5e0637cf0) Importer(815301076,1909f56bfc062723c751e8b465ee728b)  -> (artifact id: '1a187ddf57050827c9d5aa3cfd3b4447') in 0.122870 seconds 
  Import took 0.142766 seconds .

========================================================================
Received Import Request.
  Time since last request: 418.448063 seconds.
  path: Assets/Sprites/tappy_fish_ui_elements.png
  artifactKey: Guid(697c3c864d4648b488b4bcc5e0637cf0) Importer(815301076,1909f56bfc062723c751e8b465ee728b)
Start importing Assets/Sprites/tappy_fish_ui_elements.png using Guid(697c3c864d4648b488b4bcc5e0637cf0) Importer(815301076,1909f56bfc062723c751e8b465ee728b)  -> (artifact id: '3413c4280d4225f82538c87ffc64a76a') in 0.518763 seconds 
  Import took 0.540229 seconds .

========================================================================
Received Import Request.
  Time since last request: 55.402510 seconds.
  path: ProjectSettings/TagManager.asset
  artifactKey: Guid(00000000000000003000000000000000) Importer(815301076,1909f56bfc062723c751e8b465ee728b)
Start importing ProjectSettings/TagManager.asset using Guid(00000000000000003000000000000000) Importer(815301076,1909f56bfc062723c751e8b465ee728b)  -> (artifact id: '95df672b4aaba54310d34c83eef51bb8') in 0.039262 seconds 
  Import took 0.052622 seconds .

========================================================================
Received Import Request.
  Time since last request: 91.952854 seconds.
  path: Assets/Animations
  artifactKey: Guid(e3c5dd3066f444b40afee4a7258d1427) Importer(815301076,1909f56bfc062723c751e8b465ee728b)
Start importing Assets/Animations using Guid(e3c5dd3066f444b40afee4a7258d1427) Importer(815301076,1909f56bfc062723c751e8b465ee728b)  -> (artifact id: 'fcecbb52cdebe55b9c9acfbe7b0de0c8') in 0.016121 seconds 
  Import took 0.038314 seconds .

========================================================================
Received Import Request.
  Time since last request: 1195.066084 seconds.
  path: Assets/Scripts/FishController.cs
  artifactKey: Guid(ded885687a77e354bb0a75e12dd2920d) Importer(815301076,1909f56bfc062723c751e8b465ee728b)
Start importing Assets/Scripts/FishController.cs using Guid(ded885687a77e354bb0a75e12dd2920d) Importer(815301076,1909f56bfc062723c751e8b465ee728b)  -> (artifact id: '41865de56933e8b98a27e715b16e540a') in 0.145926 seconds 
  Import took 0.161255 seconds .

========================================================================
Received Prepare
Registering precompiled user dll's ...
Registered in 0.027551 seconds.
Begin MonoManager ReloadAssembly
Native extension for WindowsStandalone target not found
Refreshing native plugins compatible for Editor in 1.98 ms, found 3 plugins.
Preloading 0 native plugins for Editor in 0.00 ms.
Mono: successfully reloaded assembly
- Completed reload, in 47.529 seconds
Domain Reload Profiling:
	ReloadAssembly (47531ms)
		BeginReloadAssembly (1313ms)
			ExecutionOrderSort (0ms)
			DisableScriptedObjects (86ms)
			BackupInstance (0ms)
			ReleaseScriptingObjects (0ms)
			CreateAndSetChildDomain (671ms)
		EndReloadAssembly (41886ms)
			LoadAssemblies (1208ms)
			RebuildTransferFunctionScriptingTraits (1ms)
			SetupTypeCache (25973ms)
			ReleaseScriptCaches (4ms)
			RebuildScriptCaches (393ms)
			SetupLoadedEditorAssemblies (13017ms)
				LogAssemblyErrors (0ms)
				InitializePlatformSupportModulesInManaged (33ms)
				SetLoadedEditorAssemblies (2ms)
				RefreshPlugins (6ms)
				BeforeProcessingInitializeOnLoad (5586ms)
				ProcessInitializeOnLoadAttributes (7293ms)
				ProcessInitializeOnLoadMethodAttributes (55ms)
				AfterProcessingInitializeOnLoad (41ms)
				EditorAssembliesLoaded (1ms)
			ExecutionOrderSort2 (0ms)
			AwakeInstancesAfterBackupRestoration (58ms)
Platform modules already initialized, skipping
Refreshing native plugins compatible for Editor in 1.99 ms, found 3 plugins.
Preloading 0 native plugins for Editor in 0.00 ms.
Unloading 2086 Unused Serialized files (Serialized files now loaded: 0)
System memory in use before: 96.1 MB.
System memory in use after: 96.1 MB.

Unloading 22 unused Assets to reduce memory usage. Loaded Objects now: 2562.
Total: 13.156600 ms (FindLiveObjects: 1.196900 ms CreateObjectMapping: 0.578200 ms MarkObjects: 10.931800 ms  DeleteObjects: 0.444300 ms)

AssetImportParameters requested are different than current active one (requested -> active):
  custom:framework-win-MediaFoundation: 216162199b28c13a410421893ffa2e32 -> 
  custom:video-decoder-ogg-theora: a1e56fd34408186e4bbccfd4996cb3dc -> 
  custom:container-muxer-webm: aa71ff27fc2769a1b78a27578f13a17b -> 
  custom:container-demuxer-webm: 4f35f7cbe854078d1ac9338744f61a02 -> 
  custom:container-demuxer-ogg: 62fdf1f143b41e24485cea50d1cbac27 -> 
  custom:video-encoder-webm-vp8: eb34c28f22e8b96e1ab97ce403110664 -> 
  custom:video-decoder-webm-vp8: 9c59270c3fd7afecdb556c50c9e8de78 -> 
  custom:audio-decoder-ogg-vorbis: bf7c407c2cedff20999df2af8eb42d56 -> 
  custom:audio-encoder-webm-vorbis: bf7c407c2cedff20999df2af8eb42d56 -> 
========================================================================
Received Prepare
Registering precompiled user dll's ...
Registered in 0.020328 seconds.
Begin MonoManager ReloadAssembly
Native extension for WindowsStandalone target not found
Refreshing native plugins compatible for Editor in 2.12 ms, found 3 plugins.
Preloading 0 native plugins for Editor in 0.00 ms.
Mono: successfully reloaded assembly
- Completed reload, in  5.766 seconds
Domain Reload Profiling:
	ReloadAssembly (5769ms)
		BeginReloadAssembly (694ms)
			ExecutionOrderSort (0ms)
			DisableScriptedObjects (42ms)
			BackupInstance (0ms)
			ReleaseScriptingObjects (0ms)
			CreateAndSetChildDomain (186ms)
		EndReloadAssembly (4661ms)
			LoadAssemblies (545ms)
			RebuildTransferFunctionScriptingTraits (0ms)
			SetupTypeCache (1612ms)
			ReleaseScriptCaches (4ms)
			RebuildScriptCaches (235ms)
			SetupLoadedEditorAssemblies (1767ms)
				LogAssemblyErrors (0ms)
				InitializePlatformSupportModulesInManaged (23ms)
				SetLoadedEditorAssemblies (2ms)
				RefreshPlugins (2ms)
				BeforeProcessingInitializeOnLoad (473ms)
				ProcessInitializeOnLoadAttributes (1212ms)
				ProcessInitializeOnLoadMethodAttributes (27ms)
				AfterProcessingInitializeOnLoad (26ms)
				EditorAssembliesLoaded (1ms)
			ExecutionOrderSort2 (0ms)
			AwakeInstancesAfterBackupRestoration (50ms)
Platform modules already initialized, skipping
Refreshing native plugins compatible for Editor in 2.01 ms, found 3 plugins.
Preloading 0 native plugins for Editor in 0.00 ms.
Unloading 2086 Unused Serialized files (Serialized files now loaded: 0)
System memory in use before: 96.2 MB.
System memory in use after: 96.2 MB.

Unloading 21 unused Assets to reduce memory usage. Loaded Objects now: 2566.
Total: 11.998700 ms (FindLiveObjects: 0.964400 ms CreateObjectMapping: 0.273600 ms MarkObjects: 10.273000 ms  DeleteObjects: 0.480500 ms)

AssetImportParameters requested are different than current active one (requested -> active):
  custom:framework-win-MediaFoundation: 216162199b28c13a410421893ffa2e32 -> 
  custom:video-decoder-ogg-theora: a1e56fd34408186e4bbccfd4996cb3dc -> 
  custom:container-muxer-webm: aa71ff27fc2769a1b78a27578f13a17b -> 
  custom:container-demuxer-webm: 4f35f7cbe854078d1ac9338744f61a02 -> 
  custom:container-demuxer-ogg: 62fdf1f143b41e24485cea50d1cbac27 -> 
  custom:video-encoder-webm-vp8: eb34c28f22e8b96e1ab97ce403110664 -> 
  custom:video-decoder-webm-vp8: 9c59270c3fd7afecdb556c50c9e8de78 -> 
  custom:audio-decoder-ogg-vorbis: bf7c407c2cedff20999df2af8eb42d56 -> 
  custom:audio-encoder-webm-vorbis: bf7c407c2cedff20999df2af8eb42d56 -> 
========================================================================
Received Import Request.
  Time since last request: 1345.522852 seconds.
  path: Assets/Scripts/FishController.cs
  artifactKey: Guid(ded885687a77e354bb0a75e12dd2920d) Importer(815301076,1909f56bfc062723c751e8b465ee728b)
Start importing Assets/Scripts/FishController.cs using Guid(ded885687a77e354bb0a75e12dd2920d) Importer(815301076,1909f56bfc062723c751e8b465ee728b)  -> (artifact id: '021c2fcb6ce4be3811b8419bb69c4320') in 0.020304 seconds 
  Import took 0.033889 seconds .

AssetImportWorkerClient::OnTransportError - code=2 error=End of file
